SF:lib\src\case\case.dart
DA:13,1
DA:14,1
DA:15,1
DA:16,2
DA:18,1
DA:19,1
DA:20,1
DA:22,1
DA:23,1
DA:29,1
DA:31,1
DA:33,6
DA:41,1
DA:43,1
DA:45,6
DA:50,1
DA:51,5
DA:54,2
DA:57,2
DA:60,1
DA:61,5
DA:64,1
DA:65,1
DA:66,3
DA:67,1
DA:68,1
DA:69,1
DA:71,1
DA:74,1
DA:75,2
DA:77,1
DA:78,1
DA:79,4
LF:33
LH:33
end_of_record
SF:lib\src\util\strings\strings.dart
DA:6,4
DA:9,4
DA:12,3
LF:3
LH:3
end_of_record
SF:lib\src\util\strings\surrogate_pair.dart
DA:9,1
DA:10,2
DA:13,1
DA:14,2
DA:18,1
DA:19,3
DA:20,1
DA:21,1
LF:8
LH:8
end_of_record
SF:lib\src\chop\chop.dart
DA:7,2
DA:10,1
DA:11,1
DA:13,4
DA:14,2
DA:15,1
DA:16,1
DA:24,1
DA:25,3
DA:28,3
DA:30,4
DA:33,3
DA:40,1
DA:42,2
DA:45,1
DA:46,2
DA:47,2
DA:54,2
DA:57,1
DA:58,2
DA:60,4
LF:21
LH:21
end_of_record
SF:lib\src\split\words.dart
DA:8,1
DA:10,1
DA:11,2
DA:13,1
DA:16,2
DA:17,1
DA:18,3
DA:19,1
LF:8
LH:8
end_of_record
SF:lib\src\count\count.dart
DA:7,2
DA:10,3
DA:13,1
DA:16,2
DA:20,1
DA:21,2
DA:22,1
DA:23,2
DA:25,2
DA:30,1
DA:31,1
DA:33,3
DA:34,3
DA:40,3
LF:14
LH:14
end_of_record
SF:lib\src\escape\escape_html.dart
DA:3,3
DA:15,1
DA:16,1
DA:17,4
DA:18,2
DA:20,1
DA:23,1
DA:24,1
DA:25,4
DA:26,1
DA:28,1
LF:11
LH:11
end_of_record
SF:lib\src\util\regex\const.dart
DA:22,0
DA:47,0
DA:70,0
DA:74,0
DA:77,0
DA:80,0
DA:83,3
DA:89,3
LF:8
LH:2
end_of_record
SF:lib\src\util\regex\const_regex.dart
DA:21,3
DA:22,1
DA:23,1
DA:24,1
DA:25,1
DA:26,1
DA:27,1
DA:28,1
DA:29,1
DA:30,1
DA:31,1
DA:32,1
DA:33,1
DA:34,1
DA:35,1
DA:36,1
DA:37,1
DA:38,1
DA:39,1
DA:40,1
DA:41,1
DA:42,1
DA:52,4
DA:53,1
DA:54,1
DA:55,1
DA:56,1
DA:62,0
LF:28
LH:27
end_of_record
SF:lib\src\util\object\extended_iterable.dart
DA:5,1
DA:7,4
DA:11,0
DA:13,0
LF:4
LH:2
end_of_record
