SF:lib\src\case\case.dart
DA:12,2
DA:13,2
DA:14,2
DA:15,4
DA:17,1
DA:18,2
DA:19,2
DA:21,2
DA:22,2
DA:28,2
DA:30,1
DA:32,4
DA:33,0
DA:35,8
DA:43,1
DA:45,1
DA:47,2
DA:48,0
DA:50,4
DA:55,1
DA:56,5
DA:59,4
DA:62,4
DA:65,1
DA:66,5
DA:69,1
DA:70,1
DA:71,3
DA:72,1
DA:73,1
DA:74,1
DA:76,1
DA:79,6
LF:33
LH:31
end_of_record
SF:lib\src\util\strings\strings.dart
DA:6,4
DA:9,4
DA:12,6
LF:3
LH:3
end_of_record
SF:lib\src\util\object\extended_iterable.dart
DA:5,2
DA:7,8
DA:11,0
DA:13,0
LF:4
LH:2
end_of_record
SF:lib\src\split\words.dart
DA:8,6
LF:1
LH:1
end_of_record
SF:lib\src\util\regex\const_regex.dart
DA:21,0
DA:54,8
DA:55,2
DA:56,2
DA:57,2
DA:58,2
DA:64,0
LF:7
LH:5
end_of_record
SF:lib\src\util\regex\const.dart
DA:22,0
DA:47,0
DA:70,0
DA:74,0
DA:77,0
DA:80,0
LF:6
LH:0
end_of_record
